✓ Completed keyword: Consumer Cyclical (163 articles)
✓ Completed ADSK via CNBCScraper (36 articles)
✓ Completed ADSK via FinvizScraper (55 articles)
✓ Completed keyword: Communication Services (410 articles)
✓ Completed ADSK via YFinanceScraper (193 articles)
✓ Completed keyword: Singapore (571 articles)
✓ Completed GE via FinvizScraper (33 articles)
✓ Completed keyword: Hong Kong (721 articles)
✓ Completed GE via CNBCScraper (131 articles)
✓ Completed GRAB via CNBCScraper (15 articles)
✓ Completed GRAB via FinvizScraper (68 articles)
✓ Completed CBRE via CNBCScraper (15 articles)
✓ Completed GE via YFinanceScraper (156 articles)
Error processing ('ticker', 'C', <class 'app.data.scrapers.cnbc_scraper.CNBCScraper'>): 'NoneType' object is not subscriptable
✓ Completed CBRE via FinvizScraper (47 articles)
✓ Completed GRAB via YFinanceScraper (112 articles)
✓ Completed C via FinvizScraper (45 articles)
✓ Completed NVDA via FinvizScraper (21 articles)
✓ Completed CBRE via YFinanceScraper (198 articles)
✓ Completed C via YFinanceScraper (169 articles)
✓ Completed BABA via FinvizScraper (36 articles)
✓ Completed NVDA via YFinanceScraper (151 articles)
✓ Completed keyword: Real Estate (1062 articles)
✓ Completed META via FinvizScraper (22 articles)
✓ Completed BABA via YFinanceScraper (167 articles)
✓ Completed META via YFinanceScraper (160 articles)
✓ Completed BABA via CNBCScraper (345 articles)
✓ Completed keyword: Financial Services (1985 articles)
✓ Completed keyword: Industrials (2461 articles)
✓ Completed keyword: United States (2779 articles)
✓ Completed META via CNBCScraper (1802 articles)
✓ Completed NVDA via CNBCScraper (3644 articles)
✓ Completed keyword: Technology (6944 articles)
✓ Completed keyword: US (6999 articles)
✓ Completed keyword: C (308 articles)
